<?xml version="1.0" encoding="UTF-8"?>
<!-- Generated by org.testng.reporters.JUnitXMLReporter -->
<testsuite hostname="DESKTOP-RIUS5ET" ignored="0" name="Test" tests="2" failures="1" timestamp="31 Mar 2020 06:22:23 GMT" time="0.97" errors="0">
  <testcase name="feature" time="0.0" classname="cucumber.api.testng.AbstractTestNGCucumberTests">
    <skipped/>
  </testcase> <!-- feature -->
  <testcase name="writeExtentReport" time="0.005" classname="com.Runner.Runnerclass$EmrLoginTest">
    <failure type="java.lang.Error" message="Unresolved compilation problem: 
	AfterClass cannot be resolved to a type
">
      <![CDATA[java.lang.Error: Unresolved compilation problem: 
AfterClass cannot be resolved to a type

at com.Runner.Runnerclass$EmrLoginTest.writeExtentReport(Runnerclass.java:29)
... Removed 25 stack frames]]>
    </failure>
  </testcase> <!-- writeExtentReport -->
</testsuite> <!-- Test -->
